<?xml version="1.0" encoding="UTF-8"?>
<!-- Generated by org.testng.reporters.JUnitReportReporter -->
<testsuite name="demo.playground.DataUsingExcelTC" tests="24" time="0.028" ignored="0" failures="0" timestamp="16 Jul 2018 06:54:51 GMT" skipped="0" hostname="ICT-233L" errors="0">
  <testcase name="mult" time="0.000" classname="demo.playground.DataUsingExcelTC"/>
  <testcase name="add" time="0.000" classname="demo.playground.DataUsingExcelTC"/>
  <testcase name="div" time="0.000" classname="demo.playground.DataUsingExcelTC"/>
  <testcase name="sub" time="0.000" classname="demo.playground.DataUsingExcelTC"/>
  <testcase name="sub" time="0.000" classname="demo.playground.DataUsingExcelTC"/>
  <testcase name="div" time="0.001" classname="demo.playground.DataUsingExcelTC"/>
  <testcase name="div" time="0.000" classname="demo.playground.DataUsingExcelTC"/>
  <testcase name="mult" time="0.000" classname="demo.playground.DataUsingExcelTC"/>
  <testcase name="div" time="0.000" classname="demo.playground.DataUsingExcelTC"/>
  <testcase name="sub" time="0.000" classname="demo.playground.DataUsingExcelTC"/>
  <testcase name="add" time="0.021" classname="demo.playground.DataUsingExcelTC"/>
  <testcase name="add" time="0.000" classname="demo.playground.DataUsingExcelTC"/>
  <testcase name="mult" time="0.001" classname="demo.playground.DataUsingExcelTC"/>
  <testcase name="mult" time="0.000" classname="demo.playground.DataUsingExcelTC"/>
  <testcase name="add" time="0.000" classname="demo.playground.DataUsingExcelTC"/>
  <testcase name="sub" time="0.001" classname="demo.playground.DataUsingExcelTC"/>
  <testcase name="div" time="0.000" classname="demo.playground.DataUsingExcelTC"/>
  <testcase name="mult" time="0.001" classname="demo.playground.DataUsingExcelTC"/>
  <testcase name="div" time="0.001" classname="demo.playground.DataUsingExcelTC"/>
  <testcase name="sub" time="0.000" classname="demo.playground.DataUsingExcelTC"/>
  <testcase name="add" time="0.000" classname="demo.playground.DataUsingExcelTC"/>
  <testcase name="sub" time="0.000" classname="demo.playground.DataUsingExcelTC"/>
  <testcase name="add" time="0.001" classname="demo.playground.DataUsingExcelTC"/>
  <testcase name="mult" time="0.001" classname="demo.playground.DataUsingExcelTC"/>
</testsuite> <!-- demo.playground.DataUsingExcelTC -->
