<?xml version="1.0" encoding="UTF-8"?>
<!-- Generated by org.testng.reporters.JUnitReportReporter -->
<testsuite name="demo.playground.DataUsingExcelComparisonsTC" tests="20" time="0.007" ignored="0" failures="0" timestamp="11 Jul 2018 09:54:16 GMT" skipped="0" hostname="ICT-233L" errors="0">
  <testcase name="add" time="0.000" classname="demo.playground.DataUsingExcelComparisonsTC"/>
  <testcase name="add" time="0.002" classname="demo.playground.DataUsingExcelComparisonsTC"/>
  <testcase name="div" time="0.000" classname="demo.playground.DataUsingExcelComparisonsTC"/>
  <testcase name="add" time="0.000" classname="demo.playground.DataUsingExcelComparisonsTC"/>
  <testcase name="div" time="0.001" classname="demo.playground.DataUsingExcelComparisonsTC"/>
  <testcase name="sub" time="0.000" classname="demo.playground.DataUsingExcelComparisonsTC"/>
  <testcase name="add" time="0.000" classname="demo.playground.DataUsingExcelComparisonsTC"/>
  <testcase name="mult" time="0.001" classname="demo.playground.DataUsingExcelComparisonsTC"/>
  <testcase name="mult" time="0.000" classname="demo.playground.DataUsingExcelComparisonsTC"/>
  <testcase name="sub" time="0.000" classname="demo.playground.DataUsingExcelComparisonsTC"/>
  <testcase name="div" time="0.000" classname="demo.playground.DataUsingExcelComparisonsTC"/>
  <testcase name="div" time="0.000" classname="demo.playground.DataUsingExcelComparisonsTC"/>
  <testcase name="sub" time="0.000" classname="demo.playground.DataUsingExcelComparisonsTC"/>
  <testcase name="add" time="0.000" classname="demo.playground.DataUsingExcelComparisonsTC"/>
  <testcase name="mult" time="0.000" classname="demo.playground.DataUsingExcelComparisonsTC"/>
  <testcase name="mult" time="0.000" classname="demo.playground.DataUsingExcelComparisonsTC"/>
  <testcase name="mult" time="0.001" classname="demo.playground.DataUsingExcelComparisonsTC"/>
  <testcase name="div" time="0.000" classname="demo.playground.DataUsingExcelComparisonsTC"/>
  <testcase name="sub" time="0.001" classname="demo.playground.DataUsingExcelComparisonsTC"/>
  <testcase name="sub" time="0.001" classname="demo.playground.DataUsingExcelComparisonsTC"/>
</testsuite> <!-- demo.playground.DataUsingExcelComparisonsTC -->
